<?xml version="1.0" encoding="UTF-8"?>
<testsuite name="games.gameOfFifteen.TestGameOfFifteen" tests="2" skipped="0" failures="0" errors="0" timestamp="2021-10-15T15:43:24" hostname="AALZOMANIAC" time="0.007">
  <properties/>
  <testcase name="testMoves" classname="games.gameOfFifteen.TestGameOfFifteen" time="0.006"/>
  <testcase name="testWinning" classname="games.gameOfFifteen.TestGameOfFifteen" time="0.0"/>
  <system-out><![CDATA[]]></system-out>
  <system-err><![CDATA[]]></system-err>
</testsuite>
